1 7
2 50
3 31
4 15
5 42
6 24
7 58
8 8
9 63
10 30
11 68
12 48
13 98
14 2
15 6
16 72
17 70
18 91
19 41
20 46
21 61
22 92
23 100
24 74
25 14
26 40
27 90
28 17
29 95
30 87
31 32
32 47
33 69
34 84
35 23
36 11
37 3
38 13
39 76
40 43
41 75
42 65
43 88
44 5
45 25
46 35
47 82
48 54
49 36
50 22
51 16
52 20
53 34
54 39
55 73
56 45
57 57
58 49
59 27
60 99
61 19
62 77
63 97
64 94
65 62
66 60
67 86
68 78
69 59
70 18
71 89
72 96
73 12
74 81
75 44
76 85
77 83
78 53
79 21
80 80
81 56
82 1
83 64
84 79
85 33
86 51
87 28
88 67
89 4
90 38
91 55
92 52
93 66
94 93
95 37
96 10
97 29
98 71
99 26
100 9
1 48
2 70
3 6
4 21
5 23
6 22
7 67
8 42
9 49
10 28
11 40
12 31
13 12
14 90
15 51
16 63
17 29
18 86
19 39
20 41
21 89
22 74
23 30
24 84
25 62
26 27
27 5
28 82
29 50
30 93
31 13
32 37
33 72
34 80
35 25
36 32
37 15
38 59
39 54
40 3
41 81
42 68
43 79
44 10
45 78
46 57
47 85
48 75
49 14
50 7
51 2
52 87
53 43
54 35
55 33
56 44
57 1
58 73
59 34
60 64
61 77
62 8
63 16
64 71
65 46
66 19
67 47
68 83
69 76
70 20
71 95
72 60
73 58
74 36
75 18
76 4
77 96
78 69
79 38
80 56
81 26
82 9
83 94
84 11
85 24
86 91
87 53
88 52
89 45
90 88
91 55
92 92
93 61
94 65
95 17
96 66
1 62
2 48
3 24
4 59
5 53
6 63
7 37
8 43
9 5
10 46
11 34
12 51
13 26
14 14
15 20
16 9
17 13
18 56
19 8
20 33
21 25
22 15
23 44
24 1
25 35
26 3
27 42
28 27
29 10
30 7
31 50
32 47
33 17
34 54
35 36
36 19
37 45
38 6
39 58
40 55
41 23
42 29
43 64
44 61
45 60
46 31
47 40
48 30
49 57
50 2
51 38
52 16
53 41
54 52
55 18
56 22
57 4
58 39
59 12
60 49
61 28
62 32
63 11
64 21
1 45
2 9
3 41
4 20
5 6
6 40
7 23
8 19
9 49
10 31
11 38
12 26
13 35
14 5
15 16
16 13
17 18
18 25
19 3
20 2
21 1
22 28
23 42
24 14
25 37
26 22
27 12
28 21
29 48
30 34
31 33
32 29
33 24
34 27
35 47
36 50
37 11
38 36
39 39
40 10
41 8
42 7
43 4
44 17
45 15
46 43
47 44
48 30
49 46
50 32
1 31
2 52
3 41
4 49
5 36
6 30
7 56
8 46
9 2
10 10
11 58
12 32
13 57
14 4
15 8
16 54
17 28
18 22
19 51
20 37
21 13
22 1
23 44
24 16
25 11
26 3
27 55
28 53
29 21
30 9
31 43
32 6
33 26
34 25
35 12
36 20
37 50
38 42
39 23
40 19
41 34
42 17
43 15
44 14
45 48
46 35
47 18
48 39
49 38
50 40
51 27
52 45
53 29
54 24
55 5
56 33
57 47
58 7
1 72
2 12
3 70
4 82
5 5
6 63
7 35
8 31
9 9
10 91
11 8
12 59
13 30
14 19
15 71
16 61
17 93
18 51
19 87
20 90
21 76
22 88
23 69
24 24
25 40
26 52
27 29
28 33
29 18
30 3
31 25
32 45
33 75
34 50
35 73
36 83
37 81
38 23
39 86
40 34
41 57
42 14
43 11
44 15
45 46
46 32
47 42
48 94
49 27
50 43
51 4
52 20
53 64
54 54
55 22
56 78
57 2
58 39
59 21
60 68
61 89
62 67
63 62
64 47
65 37
66 65
67 1
68 38
69 66
70 79
71 6
72 17
73 56
74 7
75 10
76 92
77 48
78 58
79 13
80 74
81 28
82 77
83 84
84 26
85 49
86 80
87 44
88 41
89 60
90 16
91 53
92 85
93 55
94 36
1 29
2 7
3 10
4 53
5 4
6 37
7 5
8 46
9 41
10 27
11 60
12 13
13 26
14 24
15 31
16 55
17 45
18 17
19 43
20 50
21 15
22 16
23 52
24 56
25 6
26 25
27 20
28 32
29 8
30 3
31 12
32 18
33 51
34 39
35 57
36 47
37 21
38 9
39 23
40 33
41 11
42 42
43 35
44 58
45 40
46 48
47 19
48 49
49 28
50 59
51 38
52 44
53 2
54 61
55 62
56 34
57 36
58 14
59 22
60 54
61 30
62 1
1 38
2 14
3 33
4 61
5 50
6 11
7 10
8 22
9 31
10 30
11 51
12 18
13 46
14 25
15 28
16 60
17 29
18 3
19 2
20 24
21 39
22 56
23 23
24 47
25 9
26 20
27 19
28 26
29 1
30 40
31 55
32 6
33 35
34 43
35 62
36 42
37 52
38 12
39 7
40 45
41 32
42 44
43 48
44 4
45 49
46 34
47 17
48 21
49 27
50 8
51 13
52 37
53 58
54 15
55 5
56 53
57 36
58 16
59 59
60 54
61 57
62 41
1 46
2 21
3 47
4 13
5 26
6 8
7 32
8 48
9 33
10 43
11 44
12 3
13 28
14 38
15 37
16 31
17 18
18 36
19 4
20 34
21 20
22 19
23 30
24 6
25 22
26 12
27 23
28 15
29 39
30 14
31 29
32 40
33 7
34 51
35 10
36 50
37 11
38 9
39 42
40 5
41 27
42 16
43 1
44 41
45 24
46 17
47 49
48 45
49 25
50 2
51 35
1 41
2 28
3 46
4 17
5 19
6 40
7 30
8 33
9 7
10 51
11 9
12 18
13 49
14 55
15 12
16 34
17 53
18 44
19 37
20 26
21 21
22 22
23 50
24 24
25 52
26 10
27 29
28 4
29 27
30 23
31 45
32 54
33 38
34 13
35 48
36 3
37 31
38 42
39 6
40 2
41 16
42 56
43 32
44 35
45 15
46 58
47 14
48 1
49 43
50 11
51 25
52 5
53 39
54 8
55 47
56 36
57 57
58 20
1 43
2 55
3 8
4 28
5 52
6 60
7 4
8 59
9 26
10 58
11 24
12 11
13 38
14 37
15 13
16 14
17 47
18 12
19 49
20 35
21 44
22 23
23 36
24 7
25 48
26 54
27 17
28 56
29 46
30 57
31 39
32 45
33 3
34 34
35 27
36 21
37 2
38 53
39 33
40 29
41 5
42 15
43 16
44 10
45 42
46 41
47 9
48 30
49 50
50 25
51 1
52 32
53 6
54 20
55 51
56 18
57 31
58 22
59 40
60 19
1 59
2 6
3 20
4 7
5 29
6 27
7 49
8 21
9 2
10 31
11 54
12 36
13 5
14 28
15 18
16 45
17 35
18 26
19 24
20 58
21 3
22 25
23 30
24 48
25 19
26 44
27 8
28 50
29 4
30 14
31 56
32 42
33 43
34 34
35 10
36 12
37 62
38 22
39 52
40 55
41 53
42 51
43 46
44 33
45 63
46 1
47 39
48 60
49 9
50 11
51 32
52 61
53 38
54 17
55 37
56 57
57 41
58 47
59 15
60 16
61 23
62 13
63 40
1 40
2 79
3 53
4 92
5 94
6 93
7 30
8 25
9 31
10 12
11 10
12 72
13 28
14 91
15 84
16 27
17 77
18 69
19 54
20 6
21 39
22 87
23 51
24 8
25 45
26 23
27 38
28 47
29 13
30 4
31 17
32 66
33 81
34 85
35 68
36 73
37 74
38 41
39 52
40 60
41 33
42 37
43 14
44 58
45 3
46 26
47 82
48 65
49 42
50 96
51 22
52 62
53 7
54 70
55 76
56 43
57 20
58 16
59 95
60 35
61 88
62 11
63 21
64 18
65 67
66 9
67 50
68 64
69 89
70 75
71 5
72 19
73 61
74 46
75 24
76 90
77 36
78 49
79 80
80 56
81 15
82 1
83 2
84 55
85 59
86 86
87 44
88 34
89 71
90 78
91 29
92 57
93 83
94 63
95 48
96 32
1 84
2 91
3 46
4 29
5 44
6 35
7 10
8 19
9 34
10 90
11 61
12 17
13 75
14 63
15 54
16 73
17 33
18 26
19 70
20 36
21 37
22 85
23 76
24 81
25 83
26 30
27 55
28 57
29 38
30 62
31 12
32 45
33 43
34 88
35 23
36 79
37 13
38 71
39 77
40 50
41 2
42 27
43 92
44 28
45 69
46 65
47 42
48 25
49 58
50 24
51 82
52 20
53 67
54 39
55 9
56 78
57 89
58 87
59 49
60 15
61 48
62 3
63 52
64 80
65 31
66 86
67 74
68 4
69 6
70 47
71 18
72 14
73 72
74 51
75 40
76 11
77 21
78 59
79 56
80 7
81 64
82 53
83 1
84 8
85 22
86 66
87 60
88 41
89 32
90 68
91 5
92 16
1 56
2 51
3 27
4 18
5 10
6 15
7 6
8 20
9 14
10 22
11 66
12 57
13 17
14 29
15 28
16 63
17 5
18 11
19 33
20 50
21 31
22 46
23 49
24 8
25 21
26 13
27 7
28 39
29 45
30 12
31 25
32 47
33 16
34 42
35 40
36 34
37 3
38 37
39 35
40 54
41 4
42 19
43 67
44 68
45 9
46 23
47 61
48 62
49 38
50 69
51 70
52 48
53 53
54 1
55 36
56 43
57 2
58 55
59 24
60 64
61 41
62 58
63 32
64 59
65 60
66 26
67 52
68 30
69 65
70 44
71 71
1 30
2 2
3 42
4 59
5 64
6 24
7 15
8 35
9 23
10 37
11 57
12 48
13 54
14 28
15 27
16 49
17 51
18 39
19 36
20 17
21 19
22 10
23 26
24 12
25 25
26 5
27 1
28 58
29 11
30 9
31 53
32 55
33 56
34 62
35 52
36 44
37 31
38 8
39 4
40 21
41 7
42 38
43 32
44 50
45 34
46 40
47 14
48 33
49 41
50 3
51 46
52 61
53 6
54 22
55 18
56 13
57 63
58 29
59 45
60 60
61 20
62 47
63 16
64 43
1 30
2 4
3 42
4 54
5 67
6 50
7 38
8 73
9 18
10 70
11 46
12 26
13 49
14 68
15 24
16 3
17 2
18 61
19 51
20 45
21 28
22 22
23 19
24 44
25 6
26 20
27 63
28 53
29 37
30 75
31 33
32 56
33 1
34 13
35 52
36 9
37 25
38 8
39 48
40 71
41 23
42 10
43 72
44 11
45 36
46 7
47 47
48 32
49 12
50 64
51 17
52 34
53 15
54 59
55 35
56 74
57 40
58 29
59 16
60 41
61 14
62 5
63 57
64 69
65 60
66 39
67 21
68 65
69 31
70 66
71 43
72 55
73 62
74 27
75 58
1 18
2 63
3 23
4 49
5 62
6 42
7 44
8 19
9 29
10 73
11 40
12 21
13 38
14 52
15 61
16 20
17 2
18 16
19 74
20 56
21 3
22 41
23 35
24 71
25 57
26 48
27 27
28 54
29 1
30 55
31 6
32 68
33 7
34 12
35 25
36 37
37 39
38 14
39 33
40 66
41 4
42 26
43 43
44 65
45 34
46 10
47 22
48 58
49 70
50 31
51 36
52 28
53 45
54 15
55 50
56 9
57 59
58 60
59 46
60 67
61 72
62 5
63 24
64 13
65 11
66 17
67 8
68 51
69 53
70 64
71 47
72 69
73 30
74 32
1 38
2 41
3 16
4 23
5 11
6 40
7 59
8 17
9 26
10 43
11 39
12 48
13 22
14 56
15 30
16 6
17 79
18 53
19 7
20 20
21 83
22 37
23 34
24 29
25 42
26 3
27 76
28 21
29 10
30 12
31 36
32 47
33 72
34 14
35 33
36 2
37 31
38 32
39 71
40 4
41 74
42 65
43 64
44 61
45 45
46 18
47 78
48 70
49 57
50 9
51 81
52 50
53 77
54 5
55 13
56 63
57 84
58 46
59 15
60 24
61 8
62 67
63 66
64 19
65 27
66 58
67 51
68 82
69 55
70 75
71 80
72 49
73 54
74 25
75 73
76 68
77 28
78 1
79 69
80 44
81 35
82 52
83 62
84 60
1 39
2 45
3 7
4 34
5 26
6 33
7 6
8 29
9 15
10 19
11 30
12 16
13 54
14 8
15 24
16 49
17 25
18 41
19 9
20 17
21 21
22 37
23 50
24 18
25 13
26 35
27 20
28 52
29 28
30 44
31 51
32 46
33 2
34 14
35 47
36 40
37 48
38 38
39 3
40 43
41 27
42 11
43 42
44 5
45 12
46 31
47 10
48 53
49 32
50 4
51 1
52 23
53 22
54 36
1 5
2 45
3 14
4 34
5 36
6 37
7 22
8 13
9 32
10 28
11 27
12 26
13 12
14 3
15 47
16 4
17 39
18 10
19 31
20 44
21 7
22 21
23 43
24 50
25 8
26 35
27 46
28 40
29 41
30 15
31 16
32 25
33 17
34 33
35 9
36 24
37 38
38 49
39 20
40 6
41 29
42 18
43 1
44 42
45 48
46 2
47 11
48 30
49 23
50 19
1 59
2 38
3 61
4 48
5 36
6 49
7 28
8 54
9 23
10 43
11 27
12 10
13 46
14 7
15 14
16 19
17 39
18 55
19 53
20 30
21 3
22 40
23 57
24 58
25 31
26 8
27 26
28 47
29 22
30 16
31 9
32 11
33 4
34 21
35 5
36 60
37 17
38 42
39 45
40 25
41 12
42 52
43 56
44 13
45 1
46 50
47 33
48 15
49 6
50 37
51 24
52 44
53 20
54 34
55 18
56 41
57 29
58 35
59 51
60 2
61 32
1 45
2 22
3 19
4 34
5 55
6 29
7 46
8 62
9 33
10 21
11 24
12 30
13 1
14 3
15 2
16 28
17 36
18 44
19 12
20 52
21 20
22 8
23 65
24 14
25 26
26 13
27 38
28 16
29 41
30 18
31 23
32 4
33 64
34 9
35 5
36 7
37 56
38 32
39 60
40 39
41 11
42 47
43 15
44 57
45 43
46 27
47 51
48 53
49 25
50 49
51 50
52 40
53 17
54 59
55 35
56 58
57 37
58 54
59 10
60 31
61 42
62 63
63 61
64 6
65 48
1 29
2 6
3 50
4 28
5 75
6 82
7 40
8 76
9 49
10 10
11 30
12 52
13 57
14 25
15 31
16 45
17 13
18 39
19 35
20 41
21 37
22 79
23 32
24 1
25 74
26 24
27 77
28 26
29 53
30 23
31 2
32 38
33 22
34 27
35 51
36 47
37 56
38 64
39 8
40 63
41 68
42 43
43 12
44 17
45 20
46 66
47 5
48 36
49 16
50 81
51 65
52 59
53 33
54 73
55 72
56 19
57 11
58 83
59 48
60 9
61 69
62 60
63 4
64 71
65 67
66 44
67 14
68 3
69 62
70 54
71 46
72 70
73 55
74 7
75 58
76 21
77 80
78 34
79 42
80 61
81 18
82 78
83 15
1 27
2 6
3 43
4 46
5 28
6 2
7 17
8 16
9 11
10 32
11 39
12 12
13 34
14 5
15 37
16 3
17 25
18 20
19 26
20 35
21 21
22 10
23 41
24 36
25 51
26 48
27 31
28 4
29 24
30 18
31 22
32 1
33 15
34 23
35 9
36 7
37 49
38 44
39 29
40 45
41 38
42 13
43 19
44 14
45 8
46 33
47 42
48 40
49 30
50 50
51 47
