==18676== Memcheck, a memory error detector
==18676== Copyright (C) 2002-2009, and GNU GPL'd, by Julian Seward et al.
==18676== Using Valgrind-3.6.0.SVN-Debian and LibVEX; rerun with -h for copyright info
==18676== Command: RunSMP.c++.app
==18676== 
1 5
2 9
3 76
4 3
5 59
6 12
7 67
8 48
9 14
10 28
11 33
12 79
13 10
14 20
15 2
16 7
17 13
18 17
19 68
20 11
21 32
22 69
23 36
24 37
25 16
26 70
27 53
28 4
29 41
30 31
31 34
32 71
33 56
34 38
35 72
36 42
37 55
38 60
39 73
40 75
41 21
42 18
43 77
44 44
45 50
46 81
47 45
48 57
49 1
50 15
51 80
52 23
53 6
54 26
55 46
56 27
57 8
58 29
59 22
60 61
61 43
62 62
63 47
64 24
65 78
66 35
67 39
68 51
69 25
70 52
71 63
72 40
73 64
74 58
75 74
76 30
77 65
78 49
79 19
80 66
81 54
1 43
2 24
3 15
4 52
5 44
6 60
7 46
8 48
9 54
10 11
11 1
12 14
13 49
14 55
15 12
16 25
17 17
18 19
19 33
20 57
21 61
22 34
23 20
24 53
25 35
26 41
27 56
28 58
29 26
30 40
31 10
32 51
33 2
34 27
35 47
36 3
37 18
38 28
39 23
40 50
41 29
42 39
43 4
44 13
45 6
46 30
47 36
48 21
49 32
50 5
51 22
52 7
53 37
54 31
55 59
56 9
57 8
58 45
59 16
60 38
61 42
1 50
2 62
3 18
4 63
5 2
6 7
7 66
8 87
9 76
10 13
11 67
12 69
13 42
14 83
15 4
16 75
17 29
18 77
19 78
20 6
21 28
22 21
23 8
24 71
25 79
26 49
27 14
28 61
29 19
30 80
31 38
32 51
33 16
34 53
35 65
36 17
37 64
38 20
39 72
40 22
41 23
42 52
43 54
44 73
45 15
46 31
47 24
48 25
49 30
50 55
51 86
52 32
53 70
54 3
55 81
56 33
57 46
58 82
59 74
60 34
61 37
62 9
63 43
64 44
65 47
66 26
67 27
68 68
69 88
70 5
71 85
72 84
73 36
74 39
75 40
76 45
77 56
78 41
79 11
80 48
81 1
82 10
83 58
84 59
85 12
86 35
87 57
88 60
1 26
2 13
3 29
4 14
5 47
6 10
7 18
8 3
9 37
10 48
11 9
12 6
13 22
14 31
15 38
16 11
17 40
18 41
19 57
20 19
21 24
22 44
23 27
24 39
25 28
26 15
27 50
28 51
29 30
30 58
31 12
32 53
33 5
34 42
35 4
36 52
37 54
38 23
39 59
40 35
41 60
42 61
43 36
44 17
45 45
46 8
47 21
48 43
49 46
50 16
51 56
52 2
53 49
54 20
55 34
56 25
57 33
58 32
59 55
60 1
61 7
1 29
2 65
3 88
4 51
5 53
6 94
7 13
8 66
9 15
10 16
11 89
12 68
13 31
14 69
15 42
16 70
17 95
18 27
19 64
20 25
21 45
22 12
23 72
24 32
25 23
26 49
27 1
28 4
29 85
30 54
31 2
32 14
33 3
34 5
35 46
36 30
37 83
38 73
39 74
40 11
41 76
42 59
43 41
44 7
45 33
46 77
47 79
48 24
49 17
50 28
51 50
52 37
53 43
54 18
55 75
56 56
57 80
58 81
59 62
60 52
61 19
62 82
63 84
64 20
65 55
66 9
67 44
68 34
69 86
70 21
71 35
72 36
73 87
74 91
75 38
76 6
77 48
78 8
79 26
80 58
81 39
82 78
83 90
84 71
85 92
86 57
87 40
88 60
89 22
90 93
91 10
92 47
93 61
94 67
95 63
1 60
2 9
3 55
4 58
5 33
6 59
7 75
8 46
9 3
10 4
11 53
12 68
13 79
14 72
15 12
16 22
17 44
18 25
19 5
20 50
21 78
22 56
23 69
24 63
25 13
26 14
27 43
28 74
29 20
30 35
31 61
32 77
33 40
34 1
35 6
36 30
37 48
38 47
39 38
40 64
41 21
42 65
43 15
44 16
45 23
46 7
47 34
48 54
49 24
50 8
51 11
52 66
53 37
54 18
55 26
56 27
57 70
58 41
59 71
60 17
61 73
62 49
63 10
64 19
65 28
66 76
67 29
68 36
69 31
70 45
71 62
72 39
73 32
74 2
75 51
76 42
77 67
78 57
79 52
1 45
2 85
3 7
4 25
5 24
6 9
7 88
8 14
9 23
10 55
11 66
12 26
13 72
14 48
15 58
16 2
17 69
18 32
19 5
20 74
21 90
22 34
23 39
24 31
25 77
26 81
27 54
28 8
29 1
30 28
31 68
32 41
33 11
34 76
35 18
36 91
37 50
38 15
39 16
40 57
41 6
42 63
43 20
44 71
45 56
46 59
47 29
48 64
49 44
50 86
51 3
52 38
53 17
54 27
55 62
56 46
57 65
58 21
59 51
60 67
61 12
62 82
63 49
64 33
65 75
66 79
67 13
68 73
69 36
70 35
71 10
72 40
73 43
74 47
75 80
76 60
77 52
78 4
79 22
80 87
81 89
82 78
83 37
84 70
85 83
86 53
87 19
88 30
89 84
90 42
91 61
1 79
2 65
3 81
4 11
5 67
6 24
7 8
8 71
9 18
10 41
11 25
12 51
13 31
14 60
15 82
16 36
17 13
18 26
19 55
20 88
21 1
22 19
23 35
24 37
25 40
26 15
27 68
28 76
29 89
30 42
31 66
32 69
33 4
34 45
35 16
36 91
37 96
38 93
39 56
40 6
41 33
42 80
43 84
44 3
45 39
46 61
47 57
48 75
49 70
50 14
51 72
52 54
53 27
54 83
55 86
56 87
57 30
58 90
59 94
60 17
61 28
62 73
63 12
64 50
65 43
66 46
67 44
68 47
69 74
70 97
71 48
72 2
73 5
74 20
75 23
76 52
77 77
78 92
79 53
80 95
81 29
82 22
83 38
84 7
85 32
86 58
87 64
88 59
89 78
90 62
91 9
92 10
93 21
94 49
95 85
96 63
97 34
1 37
2 4
3 31
4 54
5 10
6 1
7 17
8 32
9 28
10 19
11 44
12 11
13 6
14 21
15 3
16 33
17 18
18 2
19 27
20 22
21 12
22 45
23 24
24 38
25 25
26 30
27 7
28 35
29 36
30 49
31 51
32 9
33 34
34 13
35 56
36 41
37 14
38 50
39 53
40 23
41 15
42 39
43 20
44 29
45 43
46 8
47 46
48 40
49 55
50 5
51 52
52 47
53 42
54 16
55 26
56 48
1 43
2 51
3 33
4 27
5 5
6 44
7 52
8 54
9 66
10 20
11 75
12 34
13 28
14 67
15 50
16 17
17 40
18 15
19 45
20 58
21 68
22 12
23 39
24 41
25 16
26 18
27 69
28 1
29 53
30 35
31 3
32 21
33 62
34 4
35 46
36 60
37 25
38 2
39 22
40 14
41 7
42 24
43 30
44 23
45 55
46 49
47 36
48 74
49 64
50 59
51 31
52 32
53 47
54 70
55 71
56 38
57 61
58 63
59 29
60 42
61 73
62 8
63 56
64 57
65 6
66 9
67 19
68 26
69 10
70 11
71 13
72 48
73 72
74 37
75 65
1 6
2 74
3 2
4 47
5 7
6 8
7 22
8 9
9 39
10 46
11 40
12 1
13 10
14 52
15 13
16 16
17 31
18 30
19 58
20 17
21 49
22 50
23 24
24 26
25 23
26 32
27 65
28 61
29 42
30 43
31 63
32 44
33 27
34 28
35 12
36 70
37 73
38 18
39 36
40 19
41 29
42 3
43 11
44 25
45 62
46 64
47 14
48 67
49 20
50 69
51 57
52 34
53 45
54 4
55 37
56 51
57 68
58 5
59 21
60 33
61 53
62 48
63 54
64 56
65 55
66 35
67 15
68 60
69 41
70 66
71 38
72 59
73 71
74 72
75 75
1 3
2 44
3 33
4 56
5 62
6 4
7 5
8 24
9 6
10 50
11 9
12 45
13 25
14 32
15 54
16 11
17 55
18 37
19 19
20 66
21 40
22 42
23 20
24 1
25 52
26 7
27 10
28 2
29 57
30 58
31 23
32 38
33 15
34 49
35 27
36 59
37 34
38 26
39 12
40 28
41 64
42 13
43 60
44 30
45 39
46 41
47 31
48 35
49 8
50 43
51 18
52 48
53 17
54 36
55 46
56 63
57 47
58 53
59 65
60 14
61 16
62 21
63 51
64 29
65 61
66 22
1 63
2 73
3 19
4 22
5 2
6 67
7 25
8 27
9 76
10 28
11 4
12 59
13 32
14 34
15 5
16 55
17 43
18 82
19 49
20 11
21 42
22 83
23 37
24 75
25 65
26 39
27 6
28 50
29 68
30 12
31 54
32 40
33 57
34 58
35 18
36 33
37 87
38 45
39 61
40 74
41 38
42 30
43 26
44 52
45 62
46 85
47 84
48 86
49 78
50 10
51 1
52 8
53 9
54 13
55 80
56 46
57 29
58 64
59 88
60 69
61 70
62 47
63 81
64 14
65 71
66 16
67 51
68 66
69 31
70 72
71 56
72 36
73 7
74 21
75 3
76 44
77 17
78 53
79 35
80 15
81 60
82 20
83 77
84 41
85 23
86 48
87 79
88 24
1 91
2 62
3 14
4 50
5 85
6 90
7 59
8 31
9 40
10 16
11 34
12 36
13 2
14 58
15 67
16 53
17 86
18 28
19 43
20 45
21 1
22 47
23 24
24 15
25 76
26 71
27 51
28 11
29 69
30 37
31 92
32 93
33 94
34 38
35 39
36 6
37 21
38 97
39 52
40 3
41 4
42 5
43 56
44 44
45 60
46 22
47 7
48 80
49 77
50 65
51 48
52 17
53 18
54 70
55 23
56 20
57 73
58 8
59 26
60 42
61 46
62 55
63 27
64 74
65 81
66 75
67 82
68 95
69 88
70 32
71 19
72 25
73 63
74 83
75 68
76 30
77 35
78 84
79 41
80 9
81 54
82 87
83 13
84 89
85 57
86 64
87 10
88 29
89 72
90 33
91 96
92 12
93 78
94 61
95 79
96 66
97 49
1 66
2 54
3 49
4 6
5 70
6 76
7 39
8 77
9 26
10 51
11 87
12 80
13 24
14 93
15 94
16 69
17 2
18 3
19 30
20 18
21 73
22 19
23 68
24 11
25 25
26 79
27 84
28 1
29 10
30 75
31 29
32 12
33 13
34 15
35 41
36 64
37 20
38 4
39 36
40 38
41 35
42 53
43 21
44 47
45 42
46 86
47 58
48 31
49 59
50 72
51 40
52 60
53 90
54 27
55 63
56 17
57 33
58 44
59 28
60 7
61 91
62 74
63 50
64 5
65 65
66 81
67 82
68 67
69 56
70 22
71 85
72 14
73 8
74 32
75 83
76 43
77 16
78 34
79 71
80 78
81 9
82 37
83 48
84 89
85 88
86 92
87 52
88 23
89 45
90 55
91 61
92 57
93 46
94 62
1 33
2 8
3 62
4 46
5 42
6 48
7 49
8 50
9 12
10 1
11 2
12 64
13 55
14 52
15 53
16 59
17 13
18 54
19 25
20 21
21 66
22 38
23 57
24 47
25 60
26 69
27 26
28 71
29 27
30 4
31 5
32 6
33 9
34 19
35 10
36 14
37 41
38 37
39 22
40 51
41 3
42 15
43 39
44 65
45 23
46 61
47 34
48 18
49 30
50 35
51 7
52 68
53 72
54 58
55 16
56 24
57 17
58 28
59 67
60 31
61 20
62 32
63 73
64 56
65 44
66 29
67 43
68 11
69 63
70 70
71 36
72 74
73 45
74 75
75 40
1 10
2 11
3 34
4 55
5 6
6 56
7 28
8 30
9 20
10 4
11 44
12 31
13 57
14 15
15 43
16 22
17 47
18 14
19 60
20 24
21 54
22 16
23 26
24 59
25 19
26 2
27 49
28 35
29 62
30 63
31 1
32 3
33 7
34 25
35 29
36 12
37 5
38 50
39 40
40 21
41 53
42 17
43 45
44 27
45 32
46 23
47 46
48 8
49 33
50 41
51 36
52 13
53 51
54 52
55 58
56 9
57 61
58 42
59 48
60 37
61 38
62 39
63 18
1 46
2 47
3 55
4 52
5 8
6 41
7 15
8 2
9 16
10 19
11 30
12 9
13 20
14 18
15 21
16 48
17 6
18 10
19 23
20 53
21 49
22 25
23 57
24 1
25 3
26 29
27 22
28 4
29 11
30 7
31 27
32 42
33 43
34 24
35 50
36 13
37 26
38 14
39 33
40 34
41 28
42 51
43 54
44 39
45 12
46 31
47 35
48 32
49 36
50 17
51 37
52 38
53 40
54 44
55 45
56 56
57 5
1 32
2 37
3 33
4 39
5 11
6 16
7 51
8 13
9 48
10 6
11 9
12 20
13 10
14 40
15 17
16 12
17 14
18 18
19 29
20 21
21 22
22 49
23 38
24 35
25 24
26 34
27 31
28 8
29 2
30 3
31 26
32 7
33 41
34 5
35 25
36 46
37 50
38 19
39 42
40 43
41 52
42 15
43 45
44 23
45 1
46 4
47 27
48 44
49 47
50 28
51 30
52 36
1 70
2 15
3 76
4 17
5 71
6 57
7 21
8 24
9 28
10 62
11 32
12 34
13 58
14 73
15 20
16 61
17 48
18 53
19 60
20 72
21 74
22 64
23 33
24 65
25 55
26 16
27 19
28 36
29 37
30 9
31 66
32 75
33 8
34 59
35 14
36 77
37 39
38 22
39 78
40 23
41 67
42 25
43 38
44 31
45 40
46 41
47 4
48 42
49 79
50 44
51 27
52 45
53 69
54 30
55 43
56 13
57 46
58 49
59 51
60 52
61 56
62 50
63 10
64 47
65 54
66 18
67 6
68 63
69 12
70 1
71 2
72 68
73 26
74 29
75 3
76 5
77 35
78 7
79 11
1 47
2 28
3 2
4 35
5 36
6 12
7 29
8 21
9 43
10 41
11 22
12 9
13 19
14 46
15 40
16 51
17 52
18 37
19 30
20 27
21 5
22 26
23 44
24 39
25 38
26 6
27 50
28 24
29 31
30 3
31 14
32 23
33 7
34 16
35 33
36 17
37 48
38 10
39 4
40 45
41 25
42 49
43 20
44 8
45 42
46 34
47 32
48 13
49 18
50 11
51 15
52 1
1 15
2 32
3 6
4 5
5 20
6 48
7 18
8 10
9 29
10 7
11 35
12 59
13 25
14 14
15 53
16 58
17 52
18 30
19 33
20 54
21 36
22 38
23 68
24 60
25 3
26 39
27 56
28 17
29 42
30 45
31 47
32 61
33 62
34 22
35 57
36 63
37 34
38 37
39 40
40 44
41 51
42 64
43 23
44 28
45 67
46 69
47 13
48 1
49 4
50 41
51 21
52 8
53 31
54 19
55 66
56 2
57 49
58 16
59 9
60 55
61 24
62 26
63 43
64 65
65 11
66 50
67 27
68 46
69 12
1 40
2 42
3 19
4 30
5 31
6 34
7 35
8 38
9 20
10 43
11 26
12 8
13 6
14 37
15 10
16 3
17 22
18 25
19 11
20 12
21 13
22 27
23 44
24 32
25 41
26 45
27 33
28 46
29 18
30 47
31 50
32 5
33 48
34 14
35 39
36 2
37 49
38 21
39 36
40 16
41 4
42 17
43 23
44 9
45 1
46 28
47 15
48 24
49 7
50 29
1 71
2 78
3 20
4 63
5 16
6 67
7 57
8 72
9 28
10 74
11 51
12 75
13 26
14 54
15 76
16 1
17 11
18 21
19 47
20 43
21 17
22 23
23 52
24 6
25 45
26 30
27 34
28 55
29 56
30 65
31 31
32 40
33 2
34 5
35 59
36 24
37 58
38 32
39 33
40 35
41 37
42 7
43 25
44 9
45 48
46 39
47 64
48 12
49 53
50 60
51 50
52 66
53 14
54 29
55 18
56 68
57 4
58 46
59 36
60 61
61 49
62 69
63 44
64 22
65 62
66 13
67 38
68 70
69 41
70 15
71 3
72 73
73 19
74 42
75 27
76 8
77 77
78 10
1 27
2 69
3 46
4 30
5 59
6 63
7 1
8 31
9 60
10 5
11 21
12 28
13 64
14 3
15 32
16 13
17 47
18 34
19 35
20 25
21 70
22 23
23 37
24 39
25 51
26 6
27 18
28 66
29 12
30 7
31 17
32 33
33 4
34 57
35 10
36 15
37 61
38 72
39 36
40 41
41 16
42 54
43 9
44 71
45 68
46 42
47 11
48 62
49 67
50 38
51 20
52 19
53 65
54 48
55 55
56 43
57 49
58 22
59 44
60 2
61 26
62 52
63 53
64 40
65 50
66 56
67 45
68 29
69 58
70 14
71 8
72 24
==18676== 
==18676== HEAP SUMMARY:
==18676==     in use at exit: 122,880 bytes in 6 blocks
==18676==   total heap usage: 77,056 allocs, 77,050 frees, 19,222,780 bytes allocated
==18676== 
==18676== LEAK SUMMARY:
==18676==    definitely lost: 0 bytes in 0 blocks
==18676==    indirectly lost: 0 bytes in 0 blocks
==18676==      possibly lost: 0 bytes in 0 blocks
==18676==    still reachable: 122,880 bytes in 6 blocks
==18676==         suppressed: 0 bytes in 0 blocks
==18676== Rerun with --leak-check=full to see details of leaked memory
==18676== 
==18676== For counts of detected and suppressed errors, rerun with: -v
==18676== ERROR SUMMARY: 0 errors from 0 contexts (suppressed: 4 from 4)
