==15371== Memcheck, a memory error detector
==15371== Copyright (C) 2002-2009, and GNU GPL'd, by Julian Seward et al.
==15371== Using Valgrind-3.6.0.SVN-Debian and LibVEX; rerun with -h for copyright info
==15371== Command: SphereSMP.c++.app
==15371== 
1 4
2 3
3 6
4 2
5 1
6 7
7 5
1 7
2 8
3 6
4 5
5 1
6 4
7 3
8 2
1 2
2 3
3 4
4 5
5 1
1 1
2 5
3 2
4 6
5 4
6 3
1 4
2 8
3 3
4 7
5 11
6 5
7 1
8 9
9 2
10 6
11 10
1 3
2 8
3 1
4 5
5 4
6 2
7 11
8 6
9 10
10 7
11 9
1 10
2 11
3 9
4 3
5 7
6 12
7 5
8 2
9 1
10 8
11 6
12 4
1 3
2 5
3 4
4 2
5 1
1 4
2 2
3 5
4 3
5 1
1 8
2 2
3 5
4 11
5 7
6 10
7 6
8 3
9 9
10 4
11 1
1 2
2 6
3 3
4 9
5 7
6 5
7 8
8 4
9 10
10 1
1 6
2 8
3 5
4 10
5 7
6 4
7 9
8 1
9 2
10 3
1 5
2 10
3 1
4 2
5 9
6 6
7 8
8 3
9 7
10 11
11 4
1 1
2 3
3 5
4 4
5 2
1 2
2 4
3 1
4 3
5 6
6 5
1 8
2 6
3 2
4 7
5 1
6 5
7 4
8 3
9 9
1 7
2 6
3 5
4 2
5 1
6 4
7 3
1 5
2 1
3 8
4 3
5 4
6 6
7 9
8 7
9 2
1 2
2 6
3 8
4 5
5 9
6 7
7 3
8 1
9 10
10 4
11 11
1 1
2 6
3 2
4 4
5 5
6 3
7 7
1 9
2 7
3 1
4 8
5 6
6 2
7 3
8 5
9 4
1 9
2 4
3 8
4 11
5 10
6 7
7 6
8 1
9 3
10 2
11 5
1 3
2 2
3 5
4 1
5 10
6 6
7 4
8 7
9 8
10 9
1 6
2 4
3 7
4 2
5 5
6 3
7 1
1 1
2 2
3 5
4 3
5 4
1 4
2 1
3 6
4 10
5 9
6 7
7 3
8 2
9 5
10 8
1 1
2 7
3 4
4 8
5 5
6 2
7 3
8 6
1 3
2 12
3 1
4 7
5 10
6 6
7 4
8 11
9 9
10 5
11 2
12 8
1 5
2 6
3 7
4 4
5 8
6 3
7 1
8 2
1 9
2 5
3 7
4 3
5 1
6 2
7 6
8 8
9 4
10 10
1 5
2 7
3 6
4 4
5 3
6 8
7 1
8 2
1 5
2 3
3 7
4 1
5 2
6 4
7 6
1 4
2 8
3 7
4 10
5 11
6 9
7 2
8 1
9 5
10 6
11 3
1 3
2 4
3 5
4 6
5 7
6 1
7 8
8 2
1 3
2 5
3 6
4 2
5 1
6 4
1 1
2 3
3 6
4 5
5 4
6 2
7 7
1 7
2 4
3 9
4 11
5 10
6 5
7 6
8 8
9 3
10 2
11 1
1 6
2 1
3 3
4 8
5 4
6 7
7 9
8 5
9 2
1 10
2 4
3 6
4 5
5 7
6 8
7 2
8 1
9 9
10 3
1 2
2 4
3 6
4 3
5 5
6 7
7 1
1 7
2 6
3 2
4 5
5 8
6 3
7 9
8 4
9 1
1 5
2 1
3 4
4 2
5 3
1 9
2 6
3 4
4 2
5 1
6 8
7 5
8 3
9 7
1 1
2 4
3 2
4 5
5 3
6 6
1 2
2 1
3 9
4 7
5 8
6 6
7 4
8 3
9 5
1 2
2 4
3 7
4 1
5 3
6 6
7 5
8 8
9 9
1 1
2 3
3 5
4 4
5 2
1 1
2 4
3 5
4 6
5 2
6 3
1 3
2 5
3 8
4 9
5 4
6 1
7 6
8 2
9 7
1 2
2 1
3 9
4 3
5 5
6 8
7 7
8 6
9 4
==15371== 
==15371== HEAP SUMMARY:
==15371==     in use at exit: 122,880 bytes in 6 blocks
==15371==   total heap usage: 2,787 allocs, 2,781 frees, 201,352 bytes allocated
==15371== 
==15371== LEAK SUMMARY:
==15371==    definitely lost: 0 bytes in 0 blocks
==15371==    indirectly lost: 0 bytes in 0 blocks
==15371==      possibly lost: 0 bytes in 0 blocks
==15371==    still reachable: 122,880 bytes in 6 blocks
==15371==         suppressed: 0 bytes in 0 blocks
==15371== Rerun with --leak-check=full to see details of leaked memory
==15371== 
==15371== For counts of detected and suppressed errors, rerun with: -v
==15371== ERROR SUMMARY: 0 errors from 0 contexts (suppressed: 18 from 7)
